mode: set
github.com/lao-tseu-is-alive/go-cloud-k8s-info/server.go:80.38,82.2 1 1
github.com/lao-tseu-is-alive/go-cloud-k8s-info/server.go:90.36,93.16 3 1
github.com/lao-tseu-is-alive/go-cloud-k8s-info/server.go:96.2,97.26 2 1
github.com/lao-tseu-is-alive/go-cloud-k8s-info/server.go:93.16,95.3 1 0
github.com/lao-tseu-is-alive/go-cloud-k8s-info/server.go:100.41,111.16 4 1
github.com/lao-tseu-is-alive/go-cloud-k8s-info/server.go:117.2,119.36 2 1
github.com/lao-tseu-is-alive/go-cloud-k8s-info/server.go:139.2,142.3 1 1
github.com/lao-tseu-is-alive/go-cloud-k8s-info/server.go:111.16,116.3 1 0
github.com/lao-tseu-is-alive/go-cloud-k8s-info/server.go:119.36,121.25 2 1
github.com/lao-tseu-is-alive/go-cloud-k8s-info/server.go:121.25,123.40 1 1
github.com/lao-tseu-is-alive/go-cloud-k8s-info/server.go:123.40,124.48 1 1
github.com/lao-tseu-is-alive/go-cloud-k8s-info/server.go:124.48,126.23 1 1
github.com/lao-tseu-is-alive/go-cloud-k8s-info/server.go:129.6,129.26 1 1
github.com/lao-tseu-is-alive/go-cloud-k8s-info/server.go:132.6,132.25 1 1
github.com/lao-tseu-is-alive/go-cloud-k8s-info/server.go:126.23,128.7 1 1
github.com/lao-tseu-is-alive/go-cloud-k8s-info/server.go:129.26,131.7 1 1
github.com/lao-tseu-is-alive/go-cloud-k8s-info/server.go:132.25,134.7 1 1
github.com/lao-tseu-is-alive/go-cloud-k8s-info/server.go:148.54,153.11 4 1
github.com/lao-tseu-is-alive/go-cloud-k8s-info/server.go:168.2,168.41 1 1
github.com/lao-tseu-is-alive/go-cloud-k8s-info/server.go:153.11,155.17 2 1
github.com/lao-tseu-is-alive/go-cloud-k8s-info/server.go:161.3,161.37 1 1
github.com/lao-tseu-is-alive/go-cloud-k8s-info/server.go:155.17,160.4 1 1
github.com/lao-tseu-is-alive/go-cloud-k8s-info/server.go:161.37,166.4 1 1
github.com/lao-tseu-is-alive/go-cloud-k8s-info/server.go:171.41,173.2 1 1
github.com/lao-tseu-is-alive/go-cloud-k8s-info/server.go:175.39,178.2 1 1
github.com/lao-tseu-is-alive/go-cloud-k8s-info/server.go:183.90,187.34 2 1
github.com/lao-tseu-is-alive/go-cloud-k8s-info/server.go:199.2,199.83 1 0
github.com/lao-tseu-is-alive/go-cloud-k8s-info/server.go:187.34,190.17 2 1
github.com/lao-tseu-is-alive/go-cloud-k8s-info/server.go:196.3,197.9 2 1
github.com/lao-tseu-is-alive/go-cloud-k8s-info/server.go:190.17,193.12 3 1
github.com/lao-tseu-is-alive/go-cloud-k8s-info/server.go:203.75,218.42 7 1
github.com/lao-tseu-is-alive/go-cloud-k8s-info/server.go:221.2,223.12 3 0
github.com/lao-tseu-is-alive/go-cloud-k8s-info/server.go:218.42,220.3 1 0
github.com/lao-tseu-is-alive/go-cloud-k8s-info/server.go:238.78,257.2 4 1
github.com/lao-tseu-is-alive/go-cloud-k8s-info/server.go:260.33,268.2 5 1
github.com/lao-tseu-is-alive/go-cloud-k8s-info/server.go:271.38,274.12 1 1
github.com/lao-tseu-is-alive/go-cloud-k8s-info/server.go:281.2,284.62 2 1
github.com/lao-tseu-is-alive/go-cloud-k8s-info/server.go:274.12,277.48 3 1
github.com/lao-tseu-is-alive/go-cloud-k8s-info/server.go:277.48,279.4 1 0
github.com/lao-tseu-is-alive/go-cloud-k8s-info/server.go:288.97,290.16 2 1
github.com/lao-tseu-is-alive/go-cloud-k8s-info/server.go:295.2,300.31 6 1
github.com/lao-tseu-is-alive/go-cloud-k8s-info/server.go:290.16,294.3 3 0
github.com/lao-tseu-is-alive/go-cloud-k8s-info/server.go:305.63,308.54 3 1
github.com/lao-tseu-is-alive/go-cloud-k8s-info/server.go:308.54,310.33 2 1
github.com/lao-tseu-is-alive/go-cloud-k8s-info/server.go:310.33,312.4 1 1
github.com/lao-tseu-is-alive/go-cloud-k8s-info/server.go:312.9,314.4 1 1
github.com/lao-tseu-is-alive/go-cloud-k8s-info/server.go:317.60,320.54 3 1
github.com/lao-tseu-is-alive/go-cloud-k8s-info/server.go:320.54,322.33 2 1
github.com/lao-tseu-is-alive/go-cloud-k8s-info/server.go:322.33,324.4 1 1
github.com/lao-tseu-is-alive/go-cloud-k8s-info/server.go:324.9,326.4 1 1
github.com/lao-tseu-is-alive/go-cloud-k8s-info/server.go:329.63,334.16 4 1
github.com/lao-tseu-is-alive/go-cloud-k8s-info/server.go:339.2,341.24 2 1
github.com/lao-tseu-is-alive/go-cloud-k8s-info/server.go:351.2,352.16 2 1
github.com/lao-tseu-is-alive/go-cloud-k8s-info/server.go:356.2,379.54 2 1
github.com/lao-tseu-is-alive/go-cloud-k8s-info/server.go:334.16,337.3 2 0
github.com/lao-tseu-is-alive/go-cloud-k8s-info/server.go:341.24,342.29 1 0
github.com/lao-tseu-is-alive/go-cloud-k8s-info/server.go:343.22,344.86 1 0
github.com/lao-tseu-is-alive/go-cloud-k8s-info/server.go:345.11,346.90 1 0
github.com/lao-tseu-is-alive/go-cloud-k8s-info/server.go:352.16,354.3 1 0
github.com/lao-tseu-is-alive/go-cloud-k8s-info/server.go:379.54,385.19 6 1
github.com/lao-tseu-is-alive/go-cloud-k8s-info/server.go:386.23,387.94 1 1
github.com/lao-tseu-is-alive/go-cloud-k8s-info/server.go:419.11,421.69 2 1
github.com/lao-tseu-is-alive/go-cloud-k8s-info/server.go:387.94,390.24 3 1
github.com/lao-tseu-is-alive/go-cloud-k8s-info/server.go:393.5,397.19 5 1
github.com/lao-tseu-is-alive/go-cloud-k8s-info/server.go:400.5,409.105 4 1
github.com/lao-tseu-is-alive/go-cloud-k8s-info/server.go:390.24,392.6 1 1
github.com/lao-tseu-is-alive/go-cloud-k8s-info/server.go:397.19,399.6 1 0
github.com/lao-tseu-is-alive/go-cloud-k8s-info/server.go:410.10,413.19 3 1
github.com/lao-tseu-is-alive/go-cloud-k8s-info/server.go:413.19,417.6 3 0
github.com/lao-tseu-is-alive/go-cloud-k8s-info/server.go:425.58,428.54 3 1
github.com/lao-tseu-is-alive/go-cloud-k8s-info/server.go:428.54,430.33 2 1
github.com/lao-tseu-is-alive/go-cloud-k8s-info/server.go:430.33,435.4 4 1
github.com/lao-tseu-is-alive/go-cloud-k8s-info/server.go:435.9,438.4 2 1
github.com/lao-tseu-is-alive/go-cloud-k8s-info/server.go:441.76,445.54 4 1
github.com/lao-tseu-is-alive/go-cloud-k8s-info/server.go:445.54,447.33 2 1
github.com/lao-tseu-is-alive/go-cloud-k8s-info/server.go:447.33,452.4 4 1
github.com/lao-tseu-is-alive/go-cloud-k8s-info/server.go:452.9,455.4 2 1
github.com/lao-tseu-is-alive/go-cloud-k8s-info/server.go:460.13,462.16 2 1
github.com/lao-tseu-is-alive/go-cloud-k8s-info/server.go:465.2,469.22 5 1
github.com/lao-tseu-is-alive/go-cloud-k8s-info/server.go:462.16,464.3 1 0
